# JRE version: OpenJDK Runtime Environment (8.0_112-b06) (build 1.8.0_112-release-b06)
# Java VM: OpenJDK 64-Bit Server VM (25.112-b06 mixed mode windows-amd64 compressed oops)
Heap:
 PSYoungGen      total 58880K, used 29979K [0x00000000eab00000, 0x00000000ef780000, 0x0000000100000000)
  eden space 49152K, 60% used [0x00000000eab00000,0x00000000ec80ee60,0x00000000edb00000)
  from space 9728K, 2% used [0x00000000edb00000,0x00000000edb38000,0x00000000ee480000)
  to   space 9216K, 0% used [0x00000000eee80000,0x00000000eee80000,0x00000000ef780000)
 ParOldGen       total 80384K, used 66719K [0x00000000c0000000, 0x00000000c4e80000, 0x00000000eab00000)
  object space 80384K, 83% used [0x00000000c0000000,0x00000000c4127df8,0x00000000c4e80000)
 Metaspace       used 65414K, capacity 68328K, committed 68480K, reserved 1110016K
  class space    used 8350K, capacity 8825K, committed 8832K, reserved 1048576K
GC Heap History (10 events):
Event: 3121.693 GC heap before
{Heap before GC invocations=52 (full 3):
 PSYoungGen      total 43008K, used 33526K [0x00000000eab00000, 0x00000000edf80000, 0x0000000100000000)
  eden space 33280K, 97% used [0x00000000eab00000,0x00000000eca9c188,0x00000000ecb80000)
  from space 9728K, 11% used [0x00000000ed600000,0x00000000ed7218e0,0x00000000edf80000)
  to   space 10240K, 0% used [0x00000000ecb80000,0x00000000ecb80000,0x00000000ed580000)
 ParOldGen       total 80384K, used 65771K [0x00000000c0000000, 0x00000000c4e80000, 0x00000000eab00000)
  object space 80384K, 81% used [0x00000000c0000000,0x00000000c403ac20,0x00000000c4e80000)
 Metaspace       used 65152K, capacity 68000K, committed 68224K, reserved 1107968K
  class space    used 8331K, capacity 8812K, committed 8832K, reserved 1048576K
Event: 3121.695 GC heap after
Heap after GC invocations=52 (full 3):
 PSYoungGen      total 43520K, used 160K [0x00000000eab00000, 0x00000000ee680000, 0x0000000100000000)
  eden space 33280K, 0% used [0x00000000eab00000,0x00000000eab00000,0x00000000ecb80000)
  from space 10240K, 1% used [0x00000000ecb80000,0x00000000ecba8000,0x00000000ed580000)
  to   space 10240K, 0% used [0x00000000edc80000,0x00000000edc80000,0x00000000ee680000)
 ParOldGen       total 80384K, used 66551K [0x00000000c0000000, 0x00000000c4e80000, 0x00000000eab00000)
  object space 80384K, 82% used [0x00000000c0000000,0x00000000c40fddf8,0x00000000c4e80000)
 Metaspace       used 65152K, capacity 68000K, committed 68224K, reserved 1107968K
  class space    used 8331K, capacity 8812K, committed 8832K, reserved 1048576K
}
Event: 3121.700 GC heap before
{Heap before GC invocations=53 (full 3):
 PSYoungGen      total 43520K, used 32534K [0x00000000eab00000, 0x00000000ee680000, 0x0000000100000000)
  eden space 33280K, 97% used [0x00000000eab00000,0x00000000eca9da50,0x00000000ecb80000)
  from space 10240K, 1% used [0x00000000ecb80000,0x00000000ecba8000,0x00000000ed580000)
  to   space 10240K, 0% used [0x00000000edc80000,0x00000000edc80000,0x00000000ee680000)
 ParOldGen       total 80384K, used 66551K [0x00000000c0000000, 0x00000000c4e80000, 0x00000000eab00000)
  object space 80384K, 82% used [0x00000000c0000000,0x00000000c40fddf8,0x00000000c4e80000)
 Metaspace       used 65153K, capacity 68000K, committed 68224K, reserved 1107968K
  class space    used 8331K, capacity 8812K, committed 8832K, reserved 1048576K
Event: 3121.703 GC heap after
Heap after GC invocations=53 (full 3):
 PSYoungGen      total 50688K, used 160K [0x00000000eab00000, 0x00000000ee680000, 0x0000000100000000)
  eden space 40448K, 0% used [0x00000000eab00000,0x00000000eab00000,0x00000000ed280000)
  from space 10240K, 1% used [0x00000000edc80000,0x00000000edca8000,0x00000000ee680000)
  to   space 10240K, 0% used [0x00000000ed280000,0x00000000ed280000,0x00000000edc80000)
 ParOldGen       total 80384K, used 66591K [0x00000000c0000000, 0x00000000c4e80000, 0x00000000eab00000)
  object space 80384K, 82% used [0x00000000c0000000,0x00000000c4107df8,0x00000000c4e80000)
 Metaspace       used 65153K, capacity 68000K, committed 68224K, reserved 1107968K
  class space    used 8331K, capacity 8812K, committed 8832K, reserved 1048576K
}
Event: 3121.718 GC heap before
{Heap before GC invocations=54 (full 3):
 PSYoungGen      total 50688K, used 39855K [0x00000000eab00000, 0x00000000ee680000, 0x0000000100000000)
  eden space 40448K, 98% used [0x00000000eab00000,0x00000000ed1c3fc0,0x00000000ed280000)
  from space 10240K, 1% used [0x00000000edc80000,0x00000000edca8000,0x00000000ee680000)
  to   space 10240K, 0% used [0x00000000ed280000,0x00000000ed280000,0x00000000edc80000)
 ParOldGen       total 80384K, used 66591K [0x00000000c0000000, 0x00000000c4e80000, 0x00000000eab00000)
  object space 80384K, 82% used [0x00000000c0000000,0x00000000c4107df8,0x00000000c4e80000)
 Metaspace       used 65153K, capacity 68000K, committed 68224K, reserved 1107968K
  class space    used 8331K, capacity 8812K, committed 8832K, reserved 1048576K
Event: 3121.720 GC heap after
Heap after GC invocations=54 (full 3):
 PSYoungGen      total 50688K, used 224K [0x00000000eab00000, 0x00000000eee00000, 0x0000000100000000)
  eden space 40448K, 0% used [0x00000000eab00000,0x00000000eab00000,0x00000000ed280000)
  from space 10240K, 2% used [0x00000000ed280000,0x00000000ed2b8000,0x00000000edc80000)
  to   space 9728K, 0% used [0x00000000ee480000,0x00000000ee480000,0x00000000eee00000)
 ParOldGen       total 80384K, used 66631K [0x00000000c0000000, 0x00000000c4e80000, 0x00000000eab00000)
  object space 80384K, 82% used [0x00000000c0000000,0x00000000c4111df8,0x00000000c4e80000)
 Metaspace       used 65153K, capacity 68000K, committed 68224K, reserved 1107968K
  class space    used 8331K, capacity 8812K, committed 8832K, reserved 1048576K
}
Event: 3121.724 GC heap before
{Heap before GC invocations=55 (full 3):
 PSYoungGen      total 50688K, used 39921K [0x00000000eab00000, 0x00000000eee00000, 0x0000000100000000)
  eden space 40448K, 98% used [0x00000000eab00000,0x00000000ed1c4470,0x00000000ed280000)
  from space 10240K, 2% used [0x00000000ed280000,0x00000000ed2b8000,0x00000000edc80000)
  to   space 9728K, 0% used [0x00000000ee480000,0x00000000ee480000,0x00000000eee00000)
 ParOldGen       total 80384K, used 66631K [0x00000000c0000000, 0x00000000c4e80000, 0x00000000eab00000)
  object space 80384K, 82% used [0x00000000c0000000,0x00000000c4111df8,0x00000000c4e80000)
 Metaspace       used 65156K, capacity 68000K, committed 68224K, reserved 1107968K
  class space    used 8331K, capacity 8812K, committed 8832K, reserved 1048576K
Event: 3121.726 GC heap after
Heap after GC invocations=55 (full 3):
 PSYoungGen      total 58880K, used 192K [0x00000000eab00000, 0x00000000eee00000, 0x0000000100000000)
  eden space 49152K, 0% used [0x00000000eab00000,0x00000000eab00000,0x00000000edb00000)
  from space 9728K, 1% used [0x00000000ee480000,0x00000000ee4b0000,0x00000000eee00000)
  to   space 9728K, 0% used [0x00000000edb00000,0x00000000edb00000,0x00000000ee480000)
 ParOldGen       total 80384K, used 66679K [0x00000000c0000000, 0x00000000c4e80000, 0x00000000eab00000)
  object space 80384K, 82% used [0x00000000c0000000,0x00000000c411ddf8,0x00000000c4e80000)
 Metaspace       used 65156K, capacity 68000K, committed 68224K, reserved 1107968K
  class space    used 8331K, capacity 8812K, committed 8832K, reserved 1048576K
}
Event: 3121.738 GC heap before
{Heap before GC invocations=56 (full 3):
 PSYoungGen      total 58880K, used 49281K [0x00000000eab00000, 0x00000000eee00000, 0x0000000100000000)
  eden space 49152K, 99% used [0x00000000eab00000,0x00000000edaf0400,0x00000000edb00000)
  from space 9728K, 1% used [0x00000000ee480000,0x00000000ee4b0000,0x00000000eee00000)
  to   space 9728K, 0% used [0x00000000edb00000,0x00000000edb00000,0x00000000ee480000)
 ParOldGen       total 80384K, used 66679K [0x00000000c0000000, 0x00000000c4e80000, 0x00000000eab00000)
  object space 80384K, 82% used [0x00000000c0000000,0x00000000c411ddf8,0x00000000c4e80000)
 Metaspace       used 65162K, capacity 68000K, committed 68224K, reserved 1107968K
  class space    used 8331K, capacity 8812K, committed 8832K, reserved 1048576K
Event: 3121.740 GC heap after
Heap after GC invocations=56 (full 3):
 PSYoungGen      total 58880K, used 224K [0x00000000eab00000, 0x00000000ef780000, 0x0000000100000000)
  eden space 49152K, 0% used [0x00000000eab00000,0x00000000eab00000,0x00000000edb00000)
  from space 9728K, 2% used [0x00000000edb00000,0x00000000edb38000,0x00000000ee480000)
  to   space 9216K, 0% used [0x00000000eee80000,0x00000000eee80000,0x00000000ef780000)
 ParOldGen       total 80384K, used 66719K [0x00000000c0000000, 0x00000000c4e80000, 0x00000000eab00000)
  object space 80384K, 83% used [0x00000000c0000000,0x00000000c4127df8,0x00000000c4e80000)
 Metaspace       used 65162K, capacity 68000K, committed 68224K, reserved 1107968K
  class space    used 8331K, capacity 8812K, committed 8832K, reserved 1048576K
}

